<?xml version="1.0" encoding="UTF-8"?>
<testng-results ignored="0" total="1" passed="1" failed="0" skipped="0">
  <reporter-output>
  </reporter-output>
  <suite started-at="2025-04-27T20:05:03 IST" name="Default suite" finished-at="2025-04-27T20:05:35 IST" duration-ms="31604">
    <groups>
    </groups>
    <test started-at="2025-04-27T20:05:03 IST" name="Default test" finished-at="2025-04-27T20:05:35 IST" duration-ms="31604">
      <class name="testcases.TestFW">
        <test-method is-config="true" signature="setUp()[pri:0, instance:testcases.TestFW@23c30a20]" started-at="2025-04-27T20:05:04 IST" name="setUp" finished-at="2025-04-27T20:05:14 IST" duration-ms="10411" status="PASS">
          <reporter-output>
          </reporter-output>
        </test-method> <!-- setUp -->
        <test-method signature="LoginTest(java.lang.String,java.lang.String)[pri:0, instance:testcases.TestFW@23c30a20]" started-at="2025-04-27T20:05:14 IST" name="LoginTest" data-provider="testingdata" finished-at="2025-04-27T20:05:34 IST" duration-ms="20230" status="PASS">
          <params>
            <param index="0">
              <value>
                <![CDATA[s.amasha0604@gmail.com]]>
              </value>
            </param>
            <param index="1">
              <value>
                <![CDATA[Amasha10203040]]>
              </value>
            </param>
          </params>
          <reporter-output>
          </reporter-output>
        </test-method> <!-- LoginTest -->
        <test-method is-config="true" signature="tearDown()[pri:0, instance:testcases.TestFW@23c30a20]" started-at="2025-04-27T20:05:34 IST" name="tearDown" finished-at="2025-04-27T20:05:35 IST" duration-ms="82" status="PASS">
          <reporter-output>
          </reporter-output>
        </test-method> <!-- tearDown -->
      </class> <!-- testcases.TestFW -->
    </test> <!-- Default test -->
  </suite> <!-- Default suite -->
</testng-results>
